2026-01-12 12:56:53,718 - INFO - ====== WebDriver manager ======
2026-01-12 12:56:53,839 - INFO - Get LATEST chromedriver version for google-chrome
2026-01-12 12:56:54,018 - INFO - Get LATEST chromedriver version for google-chrome
2026-01-12 12:56:54,172 - INFO - There is no [mac64] chromedriver "143.0.7499.192" for browser google-chrome "143.0.7499" in cache
2026-01-12 12:56:54,189 - INFO - Get LATEST chromedriver version for google-chrome
2026-01-12 12:56:54,622 - INFO - WebDriver version 143.0.7499.192 selected
2026-01-12 12:56:54,627 - INFO - Modern chrome version https://storage.googleapis.com/chrome-for-testing-public/143.0.7499.192/mac-arm64/chromedriver-mac-arm64.zip
2026-01-12 12:56:54,627 - INFO - About to download new driver from https://storage.googleapis.com/chrome-for-testing-public/143.0.7499.192/mac-arm64/chromedriver-mac-arm64.zip
2026-01-12 12:56:54,839 - INFO - Driver downloading response is 200
2026-01-12 12:56:56,027 - INFO - Get LATEST chromedriver version for google-chrome
2026-01-12 12:56:56,249 - INFO - Driver has been saved in cache [/Users/E.M.A./.wdm/drivers/chromedriver/mac64/143.0.7499.192]
2026-01-12 12:56:59,960 - INFO - [mcafee] Page loaded successfully
2026-01-12 12:57:02,986 - INFO - [mcafee] Input field found
2026-01-12 12:57:04,307 - INFO - [mcafee] Submit button clicked
2026-01-12 12:57:09,347 - INFO - [mcafee] Result extracted successfully
2026-01-12 12:57:12,591 - INFO - [trendmicro] Page loaded successfully
2026-01-12 12:57:17,722 - INFO - [trendmicro] Input field found
2026-01-12 12:57:18,894 - INFO - [trendmicro] Submit button clicked
2026-01-12 12:57:23,950 - INFO - [trendmicro] Result extracted successfully
2026-01-12 12:57:28,914 - INFO - [trellix] Page loaded successfully
2026-01-12 12:57:33,006 - INFO - [trellix] Input field found
2026-01-12 12:57:34,213 - INFO - [trellix] Submit button clicked
2026-01-12 12:57:41,278 - INFO - [trellix] Result extracted successfully
2026-01-12 13:17:18,882 - INFO - ====== WebDriver manager ======
2026-01-12 13:17:19,004 - INFO - Get LATEST chromedriver version for google-chrome
2026-01-12 13:17:19,221 - INFO - Get LATEST chromedriver version for google-chrome
2026-01-12 13:17:19,371 - INFO - Driver [/Users/E.M.A./.wdm/drivers/chromedriver/mac64/143.0.7499.192/chromedriver-mac-arm64/chromedriver] found in cache
2026-01-12 13:17:22,265 - INFO - [mcafee] Page loaded successfully
2026-01-12 13:17:25,289 - INFO - [mcafee] Input field found
2026-01-12 13:17:26,563 - INFO - [mcafee] Submit button clicked
2026-01-12 13:17:31,626 - INFO - [mcafee] Result extracted successfully
2026-01-12 13:17:34,677 - INFO - [trendmicro] Page loaded successfully
2026-01-12 13:17:44,217 - INFO - [trendmicro] Input field found
2026-01-12 13:17:45,347 - INFO - [trendmicro] Submit button clicked
2026-01-12 13:17:50,400 - INFO - [trendmicro] Result extracted successfully
2026-01-12 13:17:55,912 - INFO - [trellix] Page loaded successfully
2026-01-12 13:18:00,001 - INFO - [trellix] Input field found
2026-01-12 13:18:01,225 - INFO - [trellix] Submit button clicked
2026-01-12 13:18:08,289 - INFO - [trellix] Result extracted successfully
2026-01-12 13:20:15,597 - INFO - [mcafee] Page loaded successfully
2026-01-12 13:20:18,616 - INFO - [mcafee] Input field found
2026-01-12 13:20:20,065 - INFO - [mcafee] Submit button clicked
2026-01-12 13:20:25,128 - INFO - [mcafee] Result extracted successfully
2026-01-12 13:20:29,314 - INFO - [trendmicro] Page loaded successfully
2026-01-12 13:20:32,339 - INFO - [trendmicro] Input field found
2026-01-12 13:20:35,544 - INFO - [trendmicro] Submit button clicked
2026-01-12 13:20:40,605 - INFO - [trendmicro] Result extracted successfully
2026-01-12 13:20:43,571 - INFO - [trellix] Page loaded successfully
2026-01-12 13:20:47,663 - INFO - [trellix] Input field found
2026-01-12 13:20:49,045 - INFO - [trellix] Submit button clicked
2026-01-12 13:20:56,107 - INFO - [trellix] Result extracted successfully
2026-01-12 13:21:22,001 - INFO - [mcafee] Page loaded successfully
2026-01-12 13:21:25,023 - INFO - [mcafee] Input field found
2026-01-12 13:21:26,516 - INFO - [mcafee] Submit button clicked
2026-01-12 13:21:31,580 - INFO - [mcafee] Result extracted successfully
2026-01-12 13:21:35,760 - INFO - [trendmicro] Page loaded successfully
2026-01-12 13:21:38,783 - INFO - [trendmicro] Input field found
2026-01-12 13:21:41,191 - INFO - [trendmicro] Submit button clicked
2026-01-12 13:21:46,254 - INFO - [trendmicro] Result extracted successfully
2026-01-12 13:21:48,763 - INFO - [trellix] Page loaded successfully
2026-01-12 13:21:52,854 - INFO - [trellix] Input field found
2026-01-12 13:21:54,184 - INFO - [trellix] Submit button clicked
2026-01-12 13:22:01,248 - INFO - [trellix] Result extracted successfully
2026-01-12 13:22:38,149 - INFO - [mcafee] Page loaded successfully
2026-01-12 13:22:41,172 - INFO - [mcafee] Input field found
2026-01-12 13:22:42,712 - INFO - [mcafee] Submit button clicked
2026-01-12 13:22:47,774 - INFO - [mcafee] Result extracted successfully
2026-01-12 13:22:51,811 - INFO - [trendmicro] Page loaded successfully
2026-01-12 13:22:54,836 - INFO - [trendmicro] Input field found
2026-01-12 13:22:57,893 - INFO - [trendmicro] Submit button clicked
2026-01-12 13:23:02,955 - INFO - [trendmicro] Result extracted successfully
2026-01-12 13:23:05,996 - INFO - [trellix] Page loaded successfully
2026-01-12 13:23:10,084 - INFO - [trellix] Input field found
2026-01-12 13:23:11,466 - INFO - [trellix] Submit button clicked
2026-01-12 13:23:18,530 - INFO - [trellix] Result extracted successfully
2026-01-12 13:23:38,532 - INFO - [mcafee] Page loaded successfully
2026-01-12 13:23:41,556 - INFO - [mcafee] Input field found
2026-01-12 13:23:42,831 - INFO - [mcafee] Submit button clicked
2026-01-12 13:23:47,898 - INFO - [mcafee] Result extracted successfully
2026-01-12 13:23:51,353 - INFO - [trendmicro] Page loaded successfully
2026-01-12 13:23:54,376 - INFO - [trendmicro] Input field found
2026-01-12 13:23:56,335 - INFO - [trendmicro] Submit button clicked
2026-01-12 13:24:01,385 - INFO - [trendmicro] Result extracted successfully
2026-01-12 13:24:03,936 - INFO - [trellix] Page loaded successfully
2026-01-12 13:24:08,028 - INFO - [trellix] Input field found
2026-01-12 13:24:10,037 - INFO - [trellix] Submit button clicked
2026-01-12 13:24:17,097 - INFO - [trellix] Result extracted successfully
2026-01-12 13:24:29,231 - INFO - [mcafee] Page loaded successfully
2026-01-12 13:24:32,255 - INFO - [mcafee] Input field found
2026-01-12 13:24:33,518 - INFO - [mcafee] Submit button clicked
2026-01-12 13:24:38,581 - INFO - [mcafee] Result extracted successfully
2026-01-12 13:24:41,641 - INFO - [trendmicro] Page loaded successfully
2026-01-12 13:24:44,664 - INFO - [trendmicro] Input field found
2026-01-12 13:24:47,009 - INFO - [trendmicro] Submit button clicked
2026-01-12 13:24:52,064 - INFO - [trendmicro] Result extracted successfully
2026-01-12 13:24:54,624 - INFO - [trellix] Page loaded successfully
2026-01-12 13:24:58,711 - INFO - [trellix] Input field found
2026-01-12 13:24:59,940 - INFO - [trellix] Submit button clicked
2026-01-12 13:25:06,989 - INFO - [trellix] Result extracted successfully
2026-01-12 13:25:20,974 - INFO - [mcafee] Page loaded successfully
2026-01-12 13:25:23,999 - INFO - [mcafee] Input field found
2026-01-12 13:25:25,229 - INFO - [mcafee] Submit button clicked
2026-01-12 13:25:30,278 - INFO - [mcafee] Result extracted successfully
2026-01-12 13:25:33,124 - INFO - [trendmicro] Page loaded successfully
2026-01-12 13:25:36,148 - INFO - [trendmicro] Input field found
2026-01-12 13:25:36,984 - INFO - [trendmicro] Submit button clicked
2026-01-12 13:25:42,034 - INFO - [trendmicro] Result extracted successfully
2026-01-12 13:25:44,551 - INFO - [trellix] Page loaded successfully
2026-01-12 13:25:48,638 - INFO - [trellix] Input field found
2026-01-12 13:25:49,235 - INFO - [trellix] Submit button clicked
2026-01-12 13:25:56,292 - INFO - [trellix] Result extracted successfully
2026-01-12 13:26:13,929 - INFO - [mcafee] Page loaded successfully
2026-01-12 13:26:16,954 - INFO - [mcafee] Input field found
2026-01-12 13:26:18,172 - INFO - [mcafee] Submit button clicked
2026-01-12 13:26:23,236 - INFO - [mcafee] Result extracted successfully
2026-01-12 13:26:26,063 - INFO - [trendmicro] Page loaded successfully
2026-01-12 13:26:29,086 - INFO - [trendmicro] Input field found
2026-01-12 13:26:31,230 - INFO - [trendmicro] Submit button clicked
2026-01-12 13:26:36,285 - INFO - [trendmicro] Result extracted successfully
2026-01-12 13:26:38,798 - INFO - [trellix] Page loaded successfully
2026-01-12 13:26:42,894 - INFO - [trellix] Input field found
2026-01-12 13:26:44,181 - INFO - [trellix] Submit button clicked
2026-01-12 13:26:51,244 - INFO - [trellix] Result extracted successfully
2026-01-12 13:27:24,667 - INFO - [mcafee] Page loaded successfully
2026-01-12 13:27:27,689 - INFO - [mcafee] Input field found
2026-01-12 13:27:29,116 - INFO - [mcafee] Submit button clicked
2026-01-12 13:27:34,175 - INFO - [mcafee] Result extracted successfully
2026-01-12 13:27:38,461 - INFO - [trendmicro] Page loaded successfully
2026-01-12 13:27:41,484 - INFO - [trendmicro] Input field found
2026-01-12 13:27:43,352 - INFO - [trendmicro] Submit button clicked
2026-01-12 13:27:48,406 - INFO - [trendmicro] Result extracted successfully
2026-01-12 13:27:51,386 - INFO - [trellix] Page loaded successfully
2026-01-12 13:27:55,480 - INFO - [trellix] Input field found
2026-01-12 13:27:56,973 - INFO - [trellix] Submit button clicked
2026-01-12 13:28:04,034 - INFO - [trellix] Result extracted successfully
2026-01-12 13:28:27,419 - INFO - [mcafee] Page loaded successfully
2026-01-12 13:28:30,445 - INFO - [mcafee] Input field found
2026-01-12 13:28:31,711 - INFO - [mcafee] Submit button clicked
2026-01-12 13:28:36,778 - INFO - [mcafee] Result extracted successfully
2026-01-12 13:28:40,523 - INFO - [trendmicro] Page loaded successfully
2026-01-12 13:28:43,548 - INFO - [trendmicro] Input field found
2026-01-12 13:28:45,746 - INFO - [trendmicro] Submit button clicked
2026-01-12 13:28:50,800 - INFO - [trendmicro] Result extracted successfully
2026-01-12 13:28:53,437 - INFO - [trellix] Page loaded successfully
2026-01-12 13:28:57,528 - INFO - [trellix] Input field found
2026-01-12 13:28:58,751 - INFO - [trellix] Submit button clicked
2026-01-12 13:29:05,811 - INFO - [trellix] Result extracted successfully
2026-01-12 13:29:33,339 - INFO - [mcafee] Page loaded successfully
2026-01-12 13:29:36,362 - INFO - [mcafee] Input field found
2026-01-12 13:29:37,787 - INFO - [mcafee] Submit button clicked
2026-01-12 13:29:42,850 - INFO - [mcafee] Result extracted successfully
2026-01-12 13:29:47,054 - INFO - [trendmicro] Page loaded successfully
2026-01-12 13:29:50,077 - INFO - [trendmicro] Input field found
2026-01-12 13:29:52,170 - INFO - [trendmicro] Submit button clicked
2026-01-12 13:29:57,221 - INFO - [trendmicro] Result extracted successfully
2026-01-12 13:30:00,239 - INFO - [trellix] Page loaded successfully
2026-01-12 13:30:04,331 - INFO - [trellix] Input field found
2026-01-12 13:30:05,715 - INFO - [trellix] Submit button clicked
2026-01-12 13:30:12,779 - INFO - [trellix] Result extracted successfully
2026-01-12 13:30:25,816 - INFO - [mcafee] Page loaded successfully
2026-01-12 13:30:28,839 - INFO - [mcafee] Input field found
2026-01-12 13:30:30,091 - INFO - [mcafee] Submit button clicked
2026-01-12 13:30:35,151 - INFO - [mcafee] Result extracted successfully
2026-01-12 13:30:38,371 - INFO - [trendmicro] Page loaded successfully
2026-01-12 13:30:41,394 - INFO - [trendmicro] Input field found
2026-01-12 13:30:43,939 - INFO - [trendmicro] Submit button clicked
2026-01-12 13:30:48,999 - INFO - [trendmicro] Result extracted successfully
2026-01-12 13:30:51,606 - INFO - [trellix] Page loaded successfully
2026-01-12 13:30:55,699 - INFO - [trellix] Input field found
2026-01-12 13:30:56,871 - INFO - [trellix] Submit button clicked
2026-01-12 13:31:03,932 - INFO - [trellix] Result extracted successfully
2026-01-12 13:31:38,609 - INFO - [mcafee] Page loaded successfully
2026-01-12 13:31:41,632 - INFO - [mcafee] Input field found
2026-01-12 13:31:43,045 - INFO - [mcafee] Submit button clicked
2026-01-12 13:31:48,103 - INFO - [mcafee] Result extracted successfully
2026-01-12 13:31:53,754 - INFO - [trendmicro] Page loaded successfully
2026-01-12 13:31:56,778 - INFO - [trendmicro] Input field found
2026-01-12 13:31:59,863 - INFO - [trendmicro] Submit button clicked
2026-01-12 13:32:04,912 - INFO - [trendmicro] Result extracted successfully
2026-01-12 13:32:08,050 - INFO - [trellix] Page loaded successfully
2026-01-12 13:32:12,145 - INFO - [trellix] Input field found
2026-01-12 13:32:13,596 - INFO - [trellix] Submit button clicked
2026-01-12 13:32:20,659 - INFO - [trellix] Result extracted successfully
2026-01-12 13:32:37,262 - INFO - [mcafee] Page loaded successfully
2026-01-12 13:32:40,286 - INFO - [mcafee] Input field found
2026-01-12 13:32:41,573 - INFO - [mcafee] Submit button clicked
2026-01-12 13:32:46,638 - INFO - [mcafee] Result extracted successfully
2026-01-12 13:32:50,706 - INFO - [trendmicro] Page loaded successfully
2026-01-12 13:32:53,729 - INFO - [trendmicro] Input field found
2026-01-12 13:32:56,386 - INFO - [trendmicro] Submit button clicked
2026-01-12 13:33:01,440 - INFO - [trendmicro] Result extracted successfully
2026-01-12 13:33:03,967 - INFO - [trellix] Page loaded successfully
2026-01-12 13:33:08,059 - INFO - [trellix] Input field found
2026-01-12 13:33:09,261 - INFO - [trellix] Submit button clicked
2026-01-12 13:33:16,297 - INFO - [trellix] Result extracted successfully
2026-01-12 13:33:55,077 - INFO - [mcafee] Page loaded successfully
2026-01-12 13:33:58,102 - INFO - [mcafee] Input field found
2026-01-12 13:33:59,486 - INFO - [mcafee] Submit button clicked
2026-01-12 13:34:04,550 - INFO - [mcafee] Result extracted successfully
2026-01-12 13:34:08,849 - INFO - [trendmicro] Page loaded successfully
2026-01-12 13:34:11,860 - INFO - [trendmicro] Input field found
2026-01-12 13:34:14,335 - INFO - [trendmicro] Submit button clicked
2026-01-12 13:34:19,385 - INFO - [trendmicro] Result extracted successfully
2026-01-12 13:34:22,384 - INFO - [trellix] Page loaded successfully
2026-01-12 13:34:26,459 - INFO - [trellix] Input field found
2026-01-12 13:34:27,818 - INFO - [trellix] Submit button clicked
2026-01-12 13:34:34,879 - INFO - [trellix] Result extracted successfully
2026-01-12 13:34:49,073 - INFO - [mcafee] Page loaded successfully
2026-01-12 13:34:52,090 - INFO - [mcafee] Input field found
2026-01-12 13:34:52,687 - INFO - [mcafee] Submit button clicked
2026-01-12 13:34:57,751 - INFO - [mcafee] Result extracted successfully
2026-01-12 13:35:01,083 - INFO - [trendmicro] Page loaded successfully
2026-01-12 13:35:04,108 - INFO - [trendmicro] Input field found
2026-01-12 13:35:06,732 - INFO - [trendmicro] Submit button clicked
2026-01-12 13:35:11,785 - INFO - [trendmicro] Result extracted successfully
2026-01-12 13:35:14,318 - INFO - [trellix] Page loaded successfully
2026-01-12 13:35:18,410 - INFO - [trellix] Input field found
2026-01-12 13:35:19,681 - INFO - [trellix] Submit button clicked
2026-01-12 13:35:26,741 - INFO - [trellix] Result extracted successfully
2026-01-12 13:36:06,804 - INFO - [mcafee] Page loaded successfully
2026-01-12 13:36:09,829 - INFO - [mcafee] Input field found
2026-01-12 13:36:11,275 - INFO - [mcafee] Submit button clicked
2026-01-12 13:36:16,339 - INFO - [mcafee] Result extracted successfully
2026-01-12 13:36:20,798 - INFO - [trendmicro] Page loaded successfully
2026-01-12 13:36:23,821 - INFO - [trendmicro] Input field found
2026-01-12 13:36:26,481 - INFO - [trendmicro] Submit button clicked
2026-01-12 13:36:31,544 - INFO - [trendmicro] Result extracted successfully
2026-01-12 13:36:34,657 - INFO - [trellix] Page loaded successfully
2026-01-12 13:36:38,752 - INFO - [trellix] Input field found
2026-01-12 13:36:40,163 - INFO - [trellix] Submit button clicked
2026-01-12 13:36:47,226 - INFO - [trellix] Result extracted successfully
2026-01-12 13:37:05,890 - INFO - [mcafee] Page loaded successfully
2026-01-12 13:37:08,913 - INFO - [mcafee] Input field found
2026-01-12 13:37:10,139 - INFO - [mcafee] Submit button clicked
2026-01-12 13:37:15,202 - INFO - [mcafee] Result extracted successfully
2026-01-12 13:37:18,861 - INFO - [trendmicro] Page loaded successfully
2026-01-12 13:37:21,885 - INFO - [trendmicro] Input field found
2026-01-12 13:37:24,600 - INFO - [trendmicro] Submit button clicked
2026-01-12 13:37:29,659 - INFO - [trendmicro] Result extracted successfully
2026-01-12 13:37:32,183 - INFO - [trellix] Page loaded successfully
2026-01-12 13:37:36,278 - INFO - [trellix] Input field found
2026-01-12 13:37:37,512 - INFO - [trellix] Submit button clicked
2026-01-12 13:37:44,577 - INFO - [trellix] Result extracted successfully
2026-01-12 13:38:01,705 - INFO - [mcafee] Page loaded successfully
2026-01-12 13:38:04,729 - INFO - [mcafee] Input field found
2026-01-12 13:38:06,404 - INFO - [mcafee] Submit button clicked
2026-01-12 13:38:11,467 - INFO - [mcafee] Result extracted successfully
2026-01-12 13:38:15,185 - INFO - [trendmicro] Page loaded successfully
2026-01-12 13:38:18,215 - INFO - [trendmicro] Input field found
2026-01-12 13:38:20,781 - INFO - [trendmicro] Submit button clicked
2026-01-12 13:38:25,838 - INFO - [trendmicro] Result extracted successfully
2026-01-12 13:38:28,413 - INFO - [trellix] Page loaded successfully
2026-01-12 13:38:32,506 - INFO - [trellix] Input field found
2026-01-12 13:38:33,689 - INFO - [trellix] Submit button clicked
2026-01-12 13:38:40,750 - INFO - [trellix] Result extracted successfully
2026-01-12 13:38:52,484 - INFO - [mcafee] Page loaded successfully
2026-01-12 13:38:55,510 - INFO - [mcafee] Input field found
2026-01-12 13:38:56,649 - INFO - [mcafee] Submit button clicked
2026-01-12 13:39:01,712 - INFO - [mcafee] Result extracted successfully
2026-01-12 13:39:05,253 - INFO - [trendmicro] Page loaded successfully
2026-01-12 13:39:08,275 - INFO - [trendmicro] Input field found
2026-01-12 13:39:10,793 - INFO - [trendmicro] Submit button clicked
2026-01-12 13:39:15,850 - INFO - [trendmicro] Result extracted successfully
2026-01-12 13:39:18,367 - INFO - [trellix] Page loaded successfully
2026-01-12 13:39:22,459 - INFO - [trellix] Input field found
2026-01-12 13:39:23,691 - INFO - [trellix] Submit button clicked
2026-01-12 13:39:30,753 - INFO - [trellix] Result extracted successfully
2026-01-12 13:39:34,873 - INFO - [mcafee] Page loaded successfully
2026-01-12 13:39:37,897 - INFO - [mcafee] Input field found
2026-01-12 13:39:39,165 - INFO - [mcafee] Submit button clicked
2026-01-12 13:39:44,224 - INFO - [mcafee] Result extracted successfully
2026-01-12 13:39:47,744 - INFO - [trendmicro] Page loaded successfully
2026-01-12 13:39:50,768 - INFO - [trendmicro] Input field found
2026-01-12 13:39:53,871 - INFO - [trendmicro] Submit button clicked
2026-01-12 13:39:58,931 - INFO - [trendmicro] Result extracted successfully
2026-01-12 13:40:01,499 - INFO - [trellix] Page loaded successfully
2026-01-12 13:40:05,593 - INFO - [trellix] Input field found
2026-01-12 13:40:06,774 - INFO - [trellix] Submit button clicked
2026-01-12 13:40:13,833 - INFO - [trellix] Result extracted successfully
2026-01-12 13:40:30,089 - INFO - [mcafee] Page loaded successfully
2026-01-12 13:40:33,113 - INFO - [mcafee] Input field found
2026-01-12 13:40:34,358 - INFO - [mcafee] Submit button clicked
2026-01-12 13:40:39,421 - INFO - [mcafee] Result extracted successfully
2026-01-12 13:40:42,827 - INFO - [trendmicro] Page loaded successfully
2026-01-12 13:40:45,850 - INFO - [trendmicro] Input field found
2026-01-12 13:40:48,433 - INFO - [trendmicro] Submit button clicked
2026-01-12 13:40:53,492 - INFO - [trendmicro] Result extracted successfully
2026-01-12 13:40:56,014 - INFO - [trellix] Page loaded successfully
2026-01-12 13:41:00,106 - INFO - [trellix] Input field found
2026-01-12 13:41:01,393 - INFO - [trellix] Submit button clicked
2026-01-12 13:41:08,458 - INFO - [trellix] Result extracted successfully
2026-01-13 18:27:13,258 - INFO - ====== WebDriver manager ======
2026-01-13 18:27:13,378 - INFO - Get LATEST chromedriver version for google-chrome
2026-01-13 18:27:13,723 - INFO - Get LATEST chromedriver version for google-chrome
2026-01-13 18:27:13,936 - INFO - Get LATEST chromedriver version for google-chrome
2026-01-13 18:27:14,596 - INFO - WebDriver version 143.0.7499.192 selected
2026-01-13 18:27:14,600 - INFO - Modern chrome version https://storage.googleapis.com/chrome-for-testing-public/143.0.7499.192/mac-arm64/chromedriver-mac-arm64.zip
2026-01-13 18:27:14,600 - INFO - About to download new driver from https://storage.googleapis.com/chrome-for-testing-public/143.0.7499.192/mac-arm64/chromedriver-mac-arm64.zip
2026-01-13 18:27:14,887 - INFO - Driver downloading response is 200
2026-01-13 18:27:16,219 - INFO - Get LATEST chromedriver version for google-chrome
2026-01-13 18:27:16,455 - INFO - Driver has been saved in cache [/Users/E.M.A./.wdm/drivers/chromedriver/mac64/143.0.7499.192]
2026-01-13 18:27:20,200 - INFO - [mcafee] Page loaded successfully
2026-01-13 18:27:23,222 - INFO - [mcafee] Input field found
2026-01-13 18:27:24,528 - INFO - [mcafee] Submit button clicked
2026-01-13 18:27:29,594 - INFO - [mcafee] Result extracted successfully
2026-01-13 18:27:32,703 - INFO - [trendmicro] Page loaded successfully
2026-01-13 18:27:39,345 - INFO - [trendmicro] Input field found
2026-01-13 18:27:40,504 - INFO - [trendmicro] Submit button clicked
2026-01-13 18:27:45,551 - INFO - [trendmicro] Result extracted successfully
2026-01-13 18:27:50,971 - INFO - [trellix] Page loaded successfully
2026-01-13 18:27:55,070 - INFO - [trellix] Input field found
2026-01-13 18:27:55,677 - INFO - [trellix] Submit button clicked
2026-01-13 18:28:02,733 - INFO - [trellix] Result extracted successfully
2026-01-13 19:07:51,897 - INFO - ====== WebDriver manager ======
2026-01-13 19:07:52,021 - INFO - Get LATEST chromedriver version for google-chrome
2026-01-13 19:07:52,371 - INFO - Get LATEST chromedriver version for google-chrome
2026-01-13 19:07:52,647 - INFO - Driver [/Users/E.M.A./.wdm/drivers/chromedriver/mac64/143.0.7499.192/chromedriver-mac-arm64/chromedriver] found in cache
2026-01-13 19:07:57,046 - INFO - [mcafee] Page loaded successfully
2026-01-13 19:08:00,076 - INFO - [mcafee] Input field found
2026-01-13 19:08:01,407 - INFO - [mcafee] Submit button clicked
2026-01-13 19:08:06,450 - INFO - [mcafee] Result extracted successfully
2026-01-13 19:08:09,945 - INFO - [trendmicro] Page loaded successfully
2026-01-13 19:08:15,002 - INFO - [trendmicro] Input field found
2026-01-13 19:08:18,757 - INFO - [trendmicro] Submit button clicked
2026-01-13 19:22:53,842 - INFO - ====== WebDriver manager ======
2026-01-13 19:22:53,967 - INFO - Get LATEST chromedriver version for google-chrome
2026-01-13 19:22:54,356 - INFO - Get LATEST chromedriver version for google-chrome
2026-01-13 19:22:55,625 - INFO - Driver [/Users/E.M.A./.wdm/drivers/chromedriver/mac64/143.0.7499.192/chromedriver-mac-arm64/chromedriver] found in cache
2026-01-13 19:22:59,482 - INFO - [mcafee] Page loaded successfully
2026-01-13 19:23:02,506 - INFO - [mcafee] Input field found
2026-01-13 19:23:03,154 - INFO - [mcafee] Submit button clicked
2026-01-13 19:23:54,491 - INFO - ====== WebDriver manager ======
2026-01-13 19:23:54,619 - INFO - Get LATEST chromedriver version for google-chrome
2026-01-13 19:23:54,915 - INFO - Get LATEST chromedriver version for google-chrome
2026-01-13 19:23:55,170 - INFO - Driver [/Users/E.M.A./.wdm/drivers/chromedriver/mac64/143.0.7499.192/chromedriver-mac-arm64/chromedriver] found in cache
2026-01-13 19:23:58,742 - INFO - [mcafee] Page loaded successfully
2026-01-13 19:24:01,767 - INFO - [mcafee] Input field found
2026-01-13 19:24:03,078 - INFO - [mcafee] Submit button clicked
2026-01-13 19:24:08,140 - INFO - [mcafee] Result extracted successfully
2026-01-13 19:24:11,836 - INFO - [trendmicro] Page loaded successfully
2026-01-13 19:24:16,587 - INFO - [trendmicro] Input field found
2026-01-13 19:24:17,918 - INFO - [trendmicro] Submit button clicked
2026-01-13 19:24:22,970 - INFO - [trendmicro] Result extracted successfully
2026-01-13 19:24:27,527 - INFO - [trellix] Page loaded successfully
2026-01-13 19:24:31,603 - INFO - [trellix] Input field found
2026-01-13 19:24:32,189 - INFO - [trellix] Submit button clicked
2026-01-13 19:24:39,256 - INFO - [trellix] Result extracted successfully
